0 info it worked if it ends with ok
1 verbose cli [ 'C:\\Program Files\\nodejs\\node.exe',
1 verbose cli   'C:\\Program Files\\nodejs\\node_modules\\npm\\bin\\npm-cli.js',
1 verbose cli   'install',
1 verbose cli   '-g',
1 verbose cli   'ios-sim' ]
2 info using npm@2.14.4
3 info using node@v4.1.1
4 verbose install initial load of C:\Users\tbyar\AppData\Roaming\npm\package.json
5 verbose readDependencies loading dependencies from C:\Users\tbyar\AppData\Roaming\npm\package.json
6 silly cache add args [ 'ios-sim', null ]
7 verbose cache add spec ios-sim
8 silly cache add parsed spec Result {
8 silly cache add   raw: 'ios-sim',
8 silly cache add   scope: null,
8 silly cache add   name: 'ios-sim',
8 silly cache add   rawSpec: '',
8 silly cache add   spec: '*',
8 silly cache add   type: 'range' }
9 silly addNamed ios-sim@*
10 verbose addNamed "*" is a valid semver range for ios-sim
11 silly addNameRange { name: 'ios-sim', range: '*', hasData: false }
12 silly mapToRegistry name ios-sim
13 silly mapToRegistry using default registry
14 silly mapToRegistry registry https://registry.npmjs.org/
15 silly mapToRegistry uri https://registry.npmjs.org/ios-sim
16 verbose addNameRange registry:https://registry.npmjs.org/ios-sim not in flight; fetching
17 verbose request uri https://registry.npmjs.org/ios-sim
18 verbose request no auth needed
19 info attempt registry request try #1 at 11:09:50 AM
20 verbose request id 03d12116c27da43b
21 http request GET https://registry.npmjs.org/ios-sim
22 http 200 https://registry.npmjs.org/ios-sim
23 silly get cb [ 200,
23 silly get   { server: 'CouchDB/1.5.0 (Erlang OTP/R16B03)',
23 silly get     etag: '"O3LTG4EVQMGP965J1O2NE8YU"',
23 silly get     'content-type': 'application/json',
23 silly get     'cache-control': 'max-age=60',
23 silly get     'content-length': '20161',
23 silly get     'accept-ranges': 'bytes',
23 silly get     date: 'Thu, 01 Oct 2015 16:09:50 GMT',
23 silly get     via: '1.1 varnish',
23 silly get     age: '0',
23 silly get     connection: 'keep-alive',
23 silly get     'x-served-by': 'cache-lax1434-LAX',
23 silly get     'x-cache': 'MISS',
23 silly get     'x-cache-hits': '0',
23 silly get     'x-timer': 'S1443715790.468623,VS0,VE330',
23 silly get     vary: 'Accept' } ]
24 verbose get saving ios-sim to C:\Users\tbyar\AppData\Roaming\npm-cache\registry.npmjs.org\ios-sim\.cache.json
25 silly addNameRange number 2 { name: 'ios-sim', range: '*', hasData: true }
26 silly addNameRange versions [ 'ios-sim',
26 silly addNameRange   [ '1.8.0',
26 silly addNameRange     '1.8.1',
26 silly addNameRange     '1.8.2',
26 silly addNameRange     '1.9.0',
26 silly addNameRange     '2.0.0',
26 silly addNameRange     '2.0.1',
26 silly addNameRange     '3.0.0',
26 silly addNameRange     '3.1.0',
26 silly addNameRange     '3.1.1',
26 silly addNameRange     '4.1.0',
26 silly addNameRange     '4.1.1',
26 silly addNameRange     '3.2.0',
26 silly addNameRange     '5.0.0',
26 silly addNameRange     '5.0.1' ] ]
27 silly addNamed ios-sim@5.0.1
28 verbose addNamed "5.0.1" is a plain semver version for ios-sim
29 silly mapToRegistry name ios-sim
30 silly mapToRegistry using default registry
31 silly mapToRegistry registry https://registry.npmjs.org/
32 silly mapToRegistry uri https://registry.npmjs.org/ios-sim
33 verbose addRemoteTarball https://registry.npmjs.org/ios-sim/-/ios-sim-5.0.1.tgz not in flight; adding
34 verbose addRemoteTarball [ 'https://registry.npmjs.org/ios-sim/-/ios-sim-5.0.1.tgz',
34 verbose addRemoteTarball   '3ff63a7254334f6129fbf7112511774cfd0dd992' ]
35 info retry fetch attempt 1 at 11:09:50 AM
36 info attempt registry request try #1 at 11:09:50 AM
37 http fetch GET https://registry.npmjs.org/ios-sim/-/ios-sim-5.0.1.tgz
38 http fetch 200 https://registry.npmjs.org/ios-sim/-/ios-sim-5.0.1.tgz
39 silly fetchAndShaCheck shasum 3ff63a7254334f6129fbf7112511774cfd0dd992
40 verbose addTmpTarball C:\Users\tbyar\AppData\Local\Temp\npm-2060-822b2533\registry.npmjs.org\ios-sim\-\ios-sim-5.0.1.tgz not in flight; adding
41 verbose addTmpTarball already have metadata; skipping unpack for ios-sim@5.0.1
42 silly cache afterAdd ios-sim@5.0.1
43 verbose afterAdd C:\Users\tbyar\AppData\Roaming\npm-cache\ios-sim\5.0.1\package\package.json not in flight; writing
44 verbose afterAdd C:\Users\tbyar\AppData\Roaming\npm-cache\ios-sim\5.0.1\package\package.json written
45 silly install resolved [ { name: 'ios-sim',
45 silly install resolved     version: '5.0.1',
45 silly install resolved     os: [ 'darwin' ],
45 silly install resolved     preferGlobal: 'true',
45 silly install resolved     description: 'launch iOS apps into the iOS Simulator from the command line (Xcode 6.0+)',
45 silly install resolved     main: 'ios-sim.js',
45 silly install resolved     repository:
45 silly install resolved      { type: 'git',
45 silly install resolved        url: 'git+https://github.com/phonegap/ios-sim.git' },
45 silly install resolved     engines: { node: '>=0.10.0' },
45 silly install resolved     keywords: [ 'ios-sim', 'iOS Simulator' ],
45 silly install resolved     bin: { 'ios-sim': './bin/ios-sim' },
45 silly install resolved     bugs: { url: 'https://github.com/phonegap/ios-sim/issues' },
45 silly install resolved     author: { name: 'Shazron Abdullah' },
45 silly install resolved     license: 'MIT',
45 silly install resolved     dependencies: { simctl: '^0.0.6', nopt: '1.0.9', 'bplist-parser': '^0.0.6' },
45 silly install resolved     gitHead: '9ed4bccd90e26cdea455364e102b84d1ffe8a4df',
45 silly install resolved     homepage: 'https://github.com/phonegap/ios-sim#readme',
45 silly install resolved     _id: 'ios-sim@5.0.1',
45 silly install resolved     scripts: {},
45 silly install resolved     _shasum: '3ff63a7254334f6129fbf7112511774cfd0dd992',
45 silly install resolved     _from: 'ios-sim@*',
45 silly install resolved     _npmVersion: '2.11.2',
45 silly install resolved     _nodeVersion: '0.12.6',
45 silly install resolved     _npmUser: { name: 'macdonst', email: 'simon.macdonald@gmail.com' },
45 silly install resolved     dist:
45 silly install resolved      { shasum: '3ff63a7254334f6129fbf7112511774cfd0dd992',
45 silly install resolved        tarball: 'http://registry.npmjs.org/ios-sim/-/ios-sim-5.0.1.tgz' },
45 silly install resolved     maintainers: [ [Object], [Object], [Object], [Object] ],
45 silly install resolved     directories: {},
45 silly install resolved     _resolved: 'https://registry.npmjs.org/ios-sim/-/ios-sim-5.0.1.tgz' } ]
46 info install ios-sim@5.0.1 into C:\Users\tbyar\AppData\Roaming\npm
47 info installOne ios-sim@5.0.1
48 verbose installOne of ios-sim to C:\Users\tbyar\AppData\Roaming\npm not in flight; installing
49 verbose lock using C:\Users\tbyar\AppData\Roaming\npm-cache\_locks\ios-sim-6413853dbef39b39.lock for C:\Users\tbyar\AppData\Roaming\npm\node_modules\ios-sim
50 verbose unlock done using C:\Users\tbyar\AppData\Roaming\npm-cache\_locks\ios-sim-6413853dbef39b39.lock for C:\Users\tbyar\AppData\Roaming\npm\node_modules\ios-sim
51 verbose stack Error: Unsupported
51 verbose stack     at checkPlatform (C:\Program Files\nodejs\node_modules\npm\node_modules\npm-install-checks\index.js:47:14)
51 verbose stack     at Array.<anonymous> (C:\Program Files\nodejs\node_modules\npm\node_modules\slide\lib\bind-actor.js:15:8)
51 verbose stack     at LOOP (C:\Program Files\nodejs\node_modules\npm\node_modules\slide\lib\chain.js:15:14)
51 verbose stack     at C:\Program Files\nodejs\node_modules\npm\node_modules\slide\lib\chain.js:18:7
51 verbose stack     at checkEngine (C:\Program Files\nodejs\node_modules\npm\node_modules\npm-install-checks\index.js:26:10)
51 verbose stack     at Array.<anonymous> (C:\Program Files\nodejs\node_modules\npm\node_modules\slide\lib\bind-actor.js:15:8)
51 verbose stack     at LOOP (C:\Program Files\nodejs\node_modules\npm\node_modules\slide\lib\chain.js:15:14)
51 verbose stack     at chain (C:\Program Files\nodejs\node_modules\npm\node_modules\slide\lib\chain.js:20:5)
51 verbose stack     at C:\Program Files\nodejs\node_modules\npm\lib\install.js:1038:5
51 verbose stack     at C:\Program Files\nodejs\node_modules\npm\lib\utils\locker.js:39:7
52 verbose pkgid ios-sim@5.0.1
53 verbose cwd C:\src\DEDemo\DEDemoPhoneApp\Mercedes Beacon Demo
54 error Windows_NT 10.0.10240
55 error argv "C:\\Program Files\\nodejs\\node.exe" "C:\\Program Files\\nodejs\\node_modules\\npm\\bin\\npm-cli.js" "install" "-g" "ios-sim"
56 error node v4.1.1
57 error npm  v2.14.4
58 error code EBADPLATFORM
59 error notsup Unsupported
59 error notsup Not compatible with your operating system or architecture: ios-sim@5.0.1
59 error notsup Valid OS:    darwin
59 error notsup Valid Arch:  any
59 error notsup Actual OS:   win32
59 error notsup Actual Arch: x64
60 verbose exit [ 1, true ]
